2022-08-06 13:48:37,273 INFO  [Log] URL: http://183.82.103.245/nareshit/login.php 
2022-08-06 13:48:37,273 INFO  [Log] Application open 
2022-08-06 13:48:37,874 INFO  [Log] User Name: nareshit 
2022-08-06 13:48:37,875 INFO  [Log] Password: nareshit 
2022-08-06 13:48:37,875 INFO  [Log] Login Completed 
2022-08-06 13:48:37,917 INFO  [Log] Logout Completed 
2022-08-06 13:48:37,979 INFO  [Log] Application close 
2022-08-06 13:48:39,214 INFO  [Log] URL: http://183.82.103.245/nareshit/login.php 
2022-08-06 13:48:39,214 INFO  [Log] Application open 
2022-08-06 13:48:39,807 INFO  [Log] User Name: nareshit 
2022-08-06 13:48:39,807 INFO  [Log] Password: nareshit 
2022-08-06 13:48:39,807 INFO  [Log] Login Completed 
2022-08-06 13:48:39,838 INFO  [Log] enter into frame 
2022-08-06 13:48:41,842 INFO  [Log] LasTName: hi 
2022-08-06 13:48:41,842 INFO  [Log] FirstName: hello 
2022-08-06 13:48:41,842 INFO  [Log] ImagePath: F:\flower.jpg 
2022-08-06 13:48:41,842 INFO  [Log] Add Emp 
2022-08-06 13:48:41,847 INFO  [Log] exit into frame 
2022-08-06 13:48:41,885 INFO  [Log] Logout Completed 
2022-08-06 13:48:41,945 INFO  [Log] Application close 
2022-08-06 13:48:43,237 INFO  [Log] URL: http://183.82.103.245/nareshit/login.php 
2022-08-06 13:48:43,237 INFO  [Log] Application open 
2022-08-06 13:48:43,946 INFO  [Log] User Name: nareshit 
2022-08-06 13:48:43,946 INFO  [Log] Password: nareshit 
2022-08-06 13:48:43,946 INFO  [Log] Login Completed 
2022-08-06 13:48:43,972 INFO  [Log] enter into frame 
2022-08-06 13:48:44,995 INFO  [Log] Search to select: hello 
2022-08-06 13:48:44,995 INFO  [Log] DeleteEMP 
2022-08-06 13:48:44,998 INFO  [Log] exit into frame 
2022-08-06 13:48:45,043 INFO  [Log] Logout Completed 
2022-08-06 13:48:45,086 INFO  [Log] Application close 
2022-08-06 14:05:58,924 INFO  [Log] URL: http://183.82.103.245/nareshit/login.php 
2022-08-06 14:05:58,925 INFO  [Log] Application open 
2022-08-06 14:05:59,623 INFO  [Log] User Name: nareshit 
2022-08-06 14:05:59,623 INFO  [Log] Password: nareshit 
2022-08-06 14:05:59,623 INFO  [Log] Login Completed 
2022-08-06 14:05:59,715 INFO  [Log] Logout Completed 
2022-08-06 14:05:59,828 INFO  [Log] Application close 
2022-08-06 14:06:02,117 INFO  [Log] URL: http://183.82.103.245/nareshit/login.php 
2022-08-06 14:06:02,117 INFO  [Log] Application open 
2022-08-06 14:06:03,119 INFO  [Log] User Name: nareshit 
2022-08-06 14:06:03,119 INFO  [Log] Password: nareshit 
2022-08-06 14:06:03,119 INFO  [Log] Login Completed 
2022-08-06 14:06:03,177 INFO  [Log] enter into frame 
2022-08-06 14:06:05,815 INFO  [Log] LasTName: hi 
2022-08-06 14:06:05,815 INFO  [Log] FirstName: hello 
2022-08-06 14:06:05,815 INFO  [Log] ImagePath: F:\flower.jpg 
2022-08-06 14:06:05,815 INFO  [Log] Add Emp 
2022-08-06 14:06:05,828 INFO  [Log] exit into frame 
2022-08-06 14:06:05,918 INFO  [Log] Logout Completed 
2022-08-06 14:06:06,041 INFO  [Log] Application close 
2022-08-06 14:06:07,955 INFO  [Log] URL: http://183.82.103.245/nareshit/login.php 
2022-08-06 14:06:07,955 INFO  [Log] Application open 
2022-08-06 14:06:08,926 INFO  [Log] User Name: nareshit 
2022-08-06 14:06:08,927 INFO  [Log] Password: nareshit 
2022-08-06 14:06:08,927 INFO  [Log] Login Completed 
2022-08-06 14:06:08,982 INFO  [Log] enter into frame 
2022-08-06 14:06:10,119 INFO  [Log] Search to select: hello 
2022-08-06 14:06:10,119 INFO  [Log] DeleteEMP 
2022-08-06 14:06:10,127 INFO  [Log] exit into frame 
2022-08-06 14:06:10,203 INFO  [Log] Logout Completed 
2022-08-06 14:06:10,297 INFO  [Log] Application close 
2022-08-06 14:06:57,150 INFO  [Log] URL: http://183.82.103.245/nareshit/login.php 
2022-08-06 14:06:57,150 INFO  [Log] Application open 
2022-08-06 14:06:57,815 INFO  [Log] User Name: nareshit 
2022-08-06 14:06:57,815 INFO  [Log] Password: nareshit 
2022-08-06 14:06:57,815 INFO  [Log] Login Completed 
2022-08-06 14:06:57,862 INFO  [Log] Logout Completed 
2022-08-06 14:06:57,918 INFO  [Log] Application close 
2022-08-06 14:06:59,229 INFO  [Log] URL: http://183.82.103.245/nareshit/login.php 
2022-08-06 14:06:59,230 INFO  [Log] Application open 
2022-08-06 14:06:59,819 INFO  [Log] User Name: nareshit 
2022-08-06 14:06:59,819 INFO  [Log] Password: nareshit 
2022-08-06 14:06:59,819 INFO  [Log] Login Completed 
2022-08-06 14:06:59,850 INFO  [Log] enter into frame 
2022-08-06 14:07:01,914 INFO  [Log] LasTName: hi 
2022-08-06 14:07:01,915 INFO  [Log] FirstName: hello 
2022-08-06 14:07:01,915 INFO  [Log] ImagePath: F:\flower.jpg 
2022-08-06 14:07:01,915 INFO  [Log] Add Emp 
2022-08-06 14:07:01,919 INFO  [Log] exit into frame 
2022-08-06 14:07:01,962 INFO  [Log] Logout Completed 
2022-08-06 14:07:02,030 INFO  [Log] Application close 
2022-08-06 14:07:03,673 INFO  [Log] URL: http://183.82.103.245/nareshit/login.php 
2022-08-06 14:07:03,673 INFO  [Log] Application open 
2022-08-06 14:07:04,696 INFO  [Log] User Name: nareshit 
2022-08-06 14:07:04,697 INFO  [Log] Password: nareshit 
2022-08-06 14:07:04,697 INFO  [Log] Login Completed 
2022-08-06 14:07:04,758 INFO  [Log] enter into frame 
2022-08-06 14:07:05,959 INFO  [Log] Search to select: hello 
2022-08-06 14:07:05,960 INFO  [Log] DeleteEMP 
2022-08-06 14:07:05,965 INFO  [Log] exit into frame 
2022-08-06 14:07:06,026 INFO  [Log] Logout Completed 
2022-08-06 14:07:06,108 INFO  [Log] Application close 
2022-08-06 14:09:33,175 INFO  [Log] URL: http://183.82.103.245/nareshit/login.php 
2022-08-06 14:09:33,175 INFO  [Log] Application open 
2022-08-06 14:09:33,835 INFO  [Log] User Name: nareshit 
2022-08-06 14:09:33,835 INFO  [Log] Password: nareshit 
2022-08-06 14:09:33,835 INFO  [Log] Login Completed 
2022-08-06 14:09:33,880 INFO  [Log] Logout Completed 
2022-08-06 14:09:33,940 INFO  [Log] Application close 
2022-08-06 14:09:35,284 INFO  [Log] URL: http://183.82.103.245/nareshit/login.php 
2022-08-06 14:09:35,284 INFO  [Log] Application open 
2022-08-06 14:09:36,064 INFO  [Log] User Name: nareshit 
2022-08-06 14:09:36,065 INFO  [Log] Password: nareshit 
2022-08-06 14:09:36,065 INFO  [Log] Login Completed 
2022-08-06 14:09:36,096 INFO  [Log] enter into frame 
2022-08-06 14:09:48,284 INFO  [Log] LasTName: hi 
2022-08-06 14:09:48,284 INFO  [Log] FirstName: hello 
2022-08-06 14:09:48,284 INFO  [Log] ImagePath: F:\flower.jpg 
2022-08-06 14:09:48,284 INFO  [Log] Add Emp 
2022-08-06 14:09:48,288 INFO  [Log] exit into frame 
2022-08-06 14:09:48,323 INFO  [Log] Logout Completed 
2022-08-06 14:09:48,373 INFO  [Log] Application close 
2022-08-06 14:09:49,849 INFO  [Log] URL: http://183.82.103.245/nareshit/login.php 
2022-08-06 14:09:49,849 INFO  [Log] Application open 
2022-08-06 14:09:50,459 INFO  [Log] User Name: nareshit 
2022-08-06 14:09:50,459 INFO  [Log] Password: nareshit 
2022-08-06 14:09:50,459 INFO  [Log] Login Completed 
2022-08-06 14:09:50,485 INFO  [Log] enter into frame 
2022-08-06 14:09:51,450 INFO  [Log] Search to select: hello 
2022-08-06 14:09:51,450 INFO  [Log] DeleteEMP 
2022-08-06 14:09:51,455 INFO  [Log] exit into frame 
2022-08-06 14:09:51,489 INFO  [Log] Logout Completed 
2022-08-06 14:09:51,532 INFO  [Log] Application close 
2022-08-06 14:10:04,192 INFO  [Log] URL: http://183.82.103.245/nareshit/login.php 
2022-08-06 14:10:04,193 INFO  [Log] Application open 
2022-08-06 14:10:04,850 INFO  [Log] User Name: nareshit 
2022-08-06 14:10:04,850 INFO  [Log] Password: nareshit 
2022-08-06 14:10:04,851 INFO  [Log] Login Completed 
2022-08-06 14:10:04,916 INFO  [Log] Logout Completed 
2022-08-06 14:10:05,012 INFO  [Log] Application close 
2022-08-06 14:10:07,099 INFO  [Log] URL: http://183.82.103.245/nareshit/login.php 
2022-08-06 14:10:07,099 INFO  [Log] Application open 
2022-08-06 14:10:08,064 INFO  [Log] User Name: nareshit 
2022-08-06 14:10:08,065 INFO  [Log] Password: nareshit 
2022-08-06 14:10:08,065 INFO  [Log] Login Completed 
2022-08-06 14:10:08,128 INFO  [Log] enter into frame 
2022-08-06 14:10:20,497 INFO  [Log] LasTName: hi 
2022-08-06 14:10:20,498 INFO  [Log] FirstName: hello 
2022-08-06 14:10:20,498 INFO  [Log] ImagePath: F:\flower.jpg 
2022-08-06 14:10:20,498 INFO  [Log] Add Emp 
2022-08-06 14:10:20,502 INFO  [Log] exit into frame 
2022-08-06 14:10:20,543 INFO  [Log] Logout Completed 
2022-08-06 14:10:20,606 INFO  [Log] Application close 
2022-08-06 14:10:21,884 INFO  [Log] URL: http://183.82.103.245/nareshit/login.php 
2022-08-06 14:10:21,884 INFO  [Log] Application open 
2022-08-06 14:10:22,469 INFO  [Log] User Name: nareshit 
2022-08-06 14:10:22,469 INFO  [Log] Password: nareshit 
2022-08-06 14:10:22,470 INFO  [Log] Login Completed 
2022-08-06 14:10:22,498 INFO  [Log] enter into frame 
2022-08-06 14:10:23,438 INFO  [Log] Search to select: hello 
2022-08-06 14:10:23,439 INFO  [Log] DeleteEMP 
2022-08-06 14:10:23,446 INFO  [Log] exit into frame 
2022-08-06 14:10:23,490 INFO  [Log] Logout Completed 
2022-08-06 14:10:23,540 INFO  [Log] Application close 
2022-08-06 14:32:25,065 INFO  [Log] URL: http://183.82.103.245/nareshit/login.php 
2022-08-06 14:32:25,067 INFO  [Log] Application open 
2022-08-06 14:32:25,720 INFO  [Log] User Name: nareshit 
2022-08-06 14:32:25,720 INFO  [Log] Password: nareshit 
2022-08-06 14:32:25,720 INFO  [Log] Login Completed 
2022-08-06 14:32:25,761 INFO  [Log] Logout Completed 
2022-08-06 14:32:25,805 INFO  [Log] Application close 
2022-08-06 14:32:27,120 INFO  [Log] URL: http://183.82.103.245/nareshit/login.php 
2022-08-06 14:32:27,121 INFO  [Log] Application open 
2022-08-06 14:32:27,736 INFO  [Log] User Name: nareshit 
2022-08-06 14:32:27,736 INFO  [Log] Password: nareshit 
2022-08-06 14:32:27,736 INFO  [Log] Login Completed 
2022-08-06 14:32:27,763 INFO  [Log] enter into frame 
2022-08-06 14:32:40,296 INFO  [Log] LasTName: hi 
2022-08-06 14:32:40,296 INFO  [Log] FirstName: hello 
2022-08-06 14:32:40,296 INFO  [Log] ImagePath: F:\flower.jpg 
2022-08-06 14:32:40,296 INFO  [Log] Add Emp 
2022-08-06 14:32:40,300 INFO  [Log] exit into frame 
2022-08-06 14:32:40,341 INFO  [Log] Logout Completed 
2022-08-06 14:32:40,382 INFO  [Log] Application close 
2022-08-06 14:32:41,679 INFO  [Log] URL: http://183.82.103.245/nareshit/login.php 
2022-08-06 14:32:41,679 INFO  [Log] Application open 
2022-08-06 14:32:42,430 INFO  [Log] User Name: nareshit 
2022-08-06 14:32:42,430 INFO  [Log] Password: nareshit 
2022-08-06 14:32:42,430 INFO  [Log] Login Completed 
2022-08-06 14:32:42,454 INFO  [Log] enter into frame 
2022-08-06 14:32:43,685 INFO  [Log] Search to select: hello 
2022-08-06 14:32:43,685 INFO  [Log] DeleteEMP 
2022-08-06 14:32:43,688 INFO  [Log] exit into frame 
2022-08-06 14:32:43,728 INFO  [Log] Logout Completed 
2022-08-06 14:32:43,763 INFO  [Log] Application close 
2022-08-06 14:49:02,376 INFO  [Log] URL: http://183.82.103.245/nareshit/login.php 
2022-08-06 14:49:02,376 INFO  [Log] Application opening 
2022-08-06 14:49:03,010 INFO  [Log] User Name: nareshit 
2022-08-06 14:49:03,011 INFO  [Log] Password: nareshit 
2022-08-06 14:49:03,011 INFO  [Log] Login Completed 
2022-08-06 14:49:03,051 INFO  [Log] Logout Completed 
2022-08-06 14:49:03,095 INFO  [Log] Application close 
2022-08-06 14:49:04,344 INFO  [Log] URL: http://183.82.103.245/nareshit/login.php 
2022-08-06 14:49:04,344 INFO  [Log] Application opening 
2022-08-06 14:49:04,956 INFO  [Log] User Name: nareshit 
2022-08-06 14:49:04,957 INFO  [Log] Password: nareshit 
2022-08-06 14:49:04,957 INFO  [Log] Login Completed 
2022-08-06 14:49:04,985 INFO  [Log] enter into frame 
2022-08-06 14:49:08,202 INFO  [Log] LasTName: hi 
2022-08-06 14:49:08,202 INFO  [Log] FirstName: hello 
2022-08-06 14:49:08,203 INFO  [Log] ImagePath: F:\flower.jpg 
2022-08-06 14:49:08,203 INFO  [Log] Add Emp 
2022-08-06 14:49:08,209 INFO  [Log] exit into frame 
2022-08-06 14:49:08,257 INFO  [Log] Logout Completed 
2022-08-06 14:49:08,310 INFO  [Log] Application close 
2022-08-06 14:49:09,614 INFO  [Log] URL: http://183.82.103.245/nareshit/login.php 
2022-08-06 14:49:09,614 INFO  [Log] Application opening 
2022-08-06 14:49:10,215 INFO  [Log] User Name: nareshit 
2022-08-06 14:49:10,215 INFO  [Log] Password: nareshit 
2022-08-06 14:49:10,215 INFO  [Log] Login Completed 
2022-08-06 14:49:10,239 INFO  [Log] enter into frame 
2022-08-06 14:49:11,142 INFO  [Log] Search to select: hello 
2022-08-06 14:49:11,143 INFO  [Log] DeleteEMP 
2022-08-06 14:49:11,147 INFO  [Log] exit into frame 
2022-08-06 14:49:11,181 INFO  [Log] Logout Completed 
2022-08-06 14:49:11,212 INFO  [Log] Application close 
2022-08-06 14:51:12,256 INFO  [Log] URL: http://183.82.103.245/nareshit/login.php 
2022-08-06 14:51:12,256 INFO  [Log] Application opening 
2022-08-06 14:51:12,836 INFO  [Log] User Name: nareshit 
2022-08-06 14:51:12,836 INFO  [Log] Password: nareshit 
2022-08-06 14:51:12,836 INFO  [Log] Login Completed 
2022-08-06 14:51:12,875 INFO  [Log] Logout Completed 
2022-08-06 14:51:12,916 INFO  [Log] Application close 
2022-08-06 14:51:14,215 INFO  [Log] URL: http://183.82.103.245/nareshit/login.php 
2022-08-06 14:51:14,215 INFO  [Log] Application opening 
2022-08-06 14:51:15,110 INFO  [Log] User Name: nareshit 
2022-08-06 14:51:15,110 INFO  [Log] Password: nareshit 
2022-08-06 14:51:15,110 INFO  [Log] Login Completed 
2022-08-06 14:51:15,136 INFO  [Log] enter into frame 
2022-08-06 14:51:17,221 INFO  [Log] LasTName: hi 
2022-08-06 14:51:17,221 INFO  [Log] FirstName: hello 
2022-08-06 14:51:17,221 INFO  [Log] ImagePath: F:\flower.jpg 
2022-08-06 14:51:17,221 INFO  [Log] Add Emp 
2022-08-06 14:51:17,226 INFO  [Log] exit into frame 
2022-08-06 14:51:17,282 INFO  [Log] Logout Completed 
2022-08-06 14:51:17,335 INFO  [Log] Application close 
2022-08-06 14:51:18,629 INFO  [Log] URL: http://183.82.103.245/nareshit/login.php 
2022-08-06 14:51:18,629 INFO  [Log] Application opening 
2022-08-06 14:51:19,229 INFO  [Log] User Name: nareshit 
2022-08-06 14:51:19,229 INFO  [Log] Password: nareshit 
2022-08-06 14:51:19,229 INFO  [Log] Login Completed 
2022-08-06 14:51:19,255 INFO  [Log] enter into frame 
2022-08-06 14:51:20,098 INFO  [Log] Search to select: hello 
2022-08-06 14:51:20,099 INFO  [Log] DeleteEMP 
2022-08-06 14:51:20,102 INFO  [Log] exit into frame 
2022-08-06 14:51:20,136 INFO  [Log] Logout Completed 
2022-08-06 14:51:20,162 INFO  [Log] Application close 
